Build started 07/02/2017 14:55:30.
     1>Project "C:\Users\b6014990\Desktop\GraphicCoursework25_11_2016\Graphic code\nclgl\nclgl.vcxproj" on node 2 (Build target(s)).
     1>ClCompile:
         C:\Program Files (x86)\Microsoft Visual Studio 14.0\VC\bin\CL.exe /c /ZI /nologo /W3 /WX- /Od /Oy- /D GLEW_STATIC /D _MBCS /Gm /EHsc /RTC1 /MDd /GS /fp:precise /Zc:wchar_t /Zc:forScope /Zc:inline /Fo"Debug\\" /Fd"Debug\nclgl.pdb" /Gd /TP /analyze- /errorReport:prompt OGLRenderer.cpp
         OGLRenderer.cpp
       Lib:
         C:\Program Files (x86)\Microsoft Visual Studio 14.0\VC\bin\Lib.exe /OUT:"C:\Users\b6014990\Desktop\GraphicCoursework25_11_2016\Graphic code\Graphics For Games\Debug\nclgl.lib" /NOLOGO Debug\Camera.obj
         Debug\GameTimer.obj
         Debug\HeightMap.obj
         Debug\Keyboard.obj
         Debug\Light.obj
         Debug\Matrix4.obj
         Debug\MD5Anim.obj
         Debug\MD5FileData.obj
         Debug\MD5Mesh.obj
         Debug\MD5Node.obj
         Debug\Mesh.obj
         Debug\Mouse.obj
         Debug\OBJMesh.obj
         Debug\OGLRenderer.obj
         Debug\ParticleEmitter.obj
         Debug\Quaternion.obj
         Debug\SceneNode.obj
         Debug\Shader.obj
         Debug\Window.obj
         nclgl.vcxproj -> C:\Users\b6014990\Desktop\GraphicCoursework25_11_2016\Graphic code\Graphics For Games\Debug\nclgl.lib
     1>Done Building Project "C:\Users\b6014990\Desktop\GraphicCoursework25_11_2016\Graphic code\nclgl\nclgl.vcxproj" (Build target(s)).

Build succeeded.

Time Elapsed 00:00:00.78
