  TextMesh.cpp
  Renderer.cpp
c:\users\b6014990\desktop\graphiccoursework25_11_2016\graphic code\graphics for games\graphics coursework\renderer.cpp(568): warning C4244: 'argument': conversion from 'int' to 'const float', possible loss of data
c:\users\b6014990\desktop\graphiccoursework25_11_2016\graphic code\graphics for games\graphics coursework\renderer.cpp(569): warning C4244: 'argument': conversion from 'int' to 'const float', possible loss of data
c:\users\b6014990\desktop\graphiccoursework25_11_2016\graphic code\graphics for games\graphics coursework\renderer.cpp(570): warning C4244: 'argument': conversion from 'int' to 'const float', possible loss of data
c:\users\b6014990\desktop\graphiccoursework25_11_2016\graphic code\graphics for games\graphics coursework\renderer.cpp(592): warning C4244: '=': conversion from 'double' to 'float', possible loss of data
c:\users\b6014990\desktop\graphiccoursework25_11_2016\graphic code\graphics for games\graphics coursework\renderer.cpp(599): warning C4244: 'return': conversion from 'float' to 'GLuint', possible loss of data
c:\users\b6014990\desktop\graphiccoursework25_11_2016\graphic code\graphics for games\graphics coursework\renderer.cpp(651): warning C4244: 'argument': conversion from 'float' to 'int', possible loss of data
c:\users\b6014990\desktop\graphiccoursework25_11_2016\graphic code\graphics for games\graphics coursework\renderer.cpp(671): warning C4244: 'argument': conversion from 'float' to 'int', possible loss of data
c:\users\b6014990\desktop\graphiccoursework25_11_2016\graphic code\graphics for games\graphics coursework\renderer.cpp(693): warning C4244: 'argument': conversion from 'float' to 'int', possible loss of data
c:\users\b6014990\desktop\graphiccoursework25_11_2016\graphic code\graphics for games\graphics coursework\renderer.cpp(712): warning C4244: 'argument': conversion from 'float' to 'int', possible loss of data
c:\users\b6014990\desktop\graphiccoursework25_11_2016\graphic code\graphics for games\graphics coursework\renderer.cpp(731): warning C4244: 'argument': conversion from 'float' to 'int', possible loss of data
c:\users\b6014990\desktop\graphiccoursework25_11_2016\graphic code\graphics for games\graphics coursework\renderer.cpp(750): warning C4244: 'argument': conversion from 'float' to 'int', possible loss of data
c:\users\b6014990\desktop\graphiccoursework25_11_2016\graphic code\graphics for games\graphics coursework\renderer.cpp(769): warning C4244: 'argument': conversion from 'float' to 'int', possible loss of data
  PumpEmitter.cpp
c:\users\b6014990\desktop\graphiccoursework25_11_2016\graphic code\graphics for games\graphics coursework\pumpemitter.cpp(35): warning C4305: 'argument': truncation from 'double' to 'float'
  GraphicsCoursework.cpp
  Generating Code...
Renderer.obj : warning LNK4049: locally defined symbol ___glewActiveTexture imported
Renderer.obj : warning LNK4049: locally defined symbol ___glewGetUniformLocation imported
Renderer.obj : warning LNK4049: locally defined symbol ___glewUniform1f imported
Renderer.obj : warning LNK4049: locally defined symbol ___glewUniform1i imported
Renderer.obj : warning LNK4049: locally defined symbol ___glewUniform3fv imported
Renderer.obj : warning LNK4049: locally defined symbol ___glewUniformMatrix4fv imported
Renderer.obj : warning LNK4049: locally defined symbol ___glewUseProgram imported
Renderer.obj : warning LNK4049: locally defined symbol ___glewBindFramebuffer imported
Renderer.obj : warning LNK4049: locally defined symbol ___glewDeleteFramebuffers imported
Renderer.obj : warning LNK4049: locally defined symbol ___glewFramebufferTexture2D imported
Renderer.obj : warning LNK4049: locally defined symbol ___glewGenFramebuffers imported
glew32.lib(glew.obj) : warning LNK4099: PDB 'vc120.pdb' was not found with 'glew32.lib(glew.obj)' or at 'C:\Users\b6014990\Desktop\GraphicCoursework25_11_2016\Graphic code\Graphics For Games\Graphics Coursework\Debug\vc120.pdb'; linking object as if no debug info
  GraphicsCoursework.vcxproj -> C:\Users\b6014990\Desktop\GraphicCoursework25_11_2016\Graphic code\Graphics For Games\Graphics Coursework\Debug\GraphicsCoursework.exe
  GraphicsCoursework.vcxproj -> C:\Users\b6014990\Desktop\GraphicCoursework25_11_2016\Graphic code\Graphics For Games\Graphics Coursework\Debug\GraphicsCoursework.pdb (Full PDB)
