Build started 24/11/2016 13:33:22.
     1>Project "C:\Users\b6014990\Desktop\Graphic code\Graphics For Games\14) Shadow Mapping\tutorial14.vcxproj" on node 2 (Build target(s)).
     1>ClCompile:
         C:\Program Files (x86)\Microsoft Visual Studio 14.0\VC\bin\CL.exe /c /Zi /nologo /W3 /WX- /Od /Oy- /D _MBCS /Gm /EHsc /RTC1 /MDd /GS /fp:precise /Zc:wchar_t /Zc:forScope /Zc:inline /Fo"Debug\\" /Fd"Debug\vc140.pdb" /Gd /TP /analyze- /errorReport:prompt Renderer.cpp tutorial14.cpp
         Renderer.cpp
         Generating Code...
         Compiling...
         tutorial14.cpp
         Generating Code...
       Link:
         C:\Program Files (x86)\Microsoft Visual Studio 14.0\VC\bin\link.exe /ERRORREPORT:PROMPT /OUT:"C:\Users\b6014990\Desktop\Graphic code\Graphics For Games\Debug\Tutorial 14 - Shadow Mapping.exe" /INCREMENTAL /NOLOGO kernel32.lib user32.lib gdi32.lib winspool.lib comdlg32.lib advapi32.lib shell32.lib ole32.lib oleaut32.lib uuid.lib odbc32.lib odbccp32.lib /MANIFEST /MANIFESTUAC:"level='asInvoker' uiAccess='false'" /manifest:embed /Debug /PDB:"C:\Users\b6014990\Desktop\Graphic code\Graphics For Games\Debug\Tutorial 14 - Shadow Mapping.pdb" /TLBID:1 /DYNAMICBASE /NXCOMPAT /IMPLIB:"C:\Users\b6014990\Desktop\Graphic code\Graphics For Games\Debug\Tutorial 14 - Shadow Mapping.lib" /MACHINE:X86 Debug\Renderer.obj
         Debug\tutorial14.obj
     1>Renderer.obj : warning LNK4049: locally defined symbol ___glewActiveTexture imported
     1>Renderer.obj : warning LNK4049: locally defined symbol ___glewGetUniformLocation imported
     1>Renderer.obj : warning LNK4049: locally defined symbol ___glewUniform1i imported
     1>Renderer.obj : warning LNK4049: locally defined symbol ___glewUniform3fv imported
     1>Renderer.obj : warning LNK4049: locally defined symbol ___glewUniformMatrix4fv imported
     1>Renderer.obj : warning LNK4049: locally defined symbol ___glewUseProgram imported
     1>Renderer.obj : warning LNK4049: locally defined symbol ___glewBindFramebuffer imported
     1>Renderer.obj : warning LNK4049: locally defined symbol ___glewDeleteFramebuffers imported
     1>Renderer.obj : warning LNK4049: locally defined symbol ___glewFramebufferTexture2D imported
     1>Renderer.obj : warning LNK4049: locally defined symbol ___glewGenFramebuffers imported
     1>glew32.lib(glew.obj) : warning LNK4099: PDB 'vc120.pdb' was not found with 'glew32.lib(glew.obj)' or at 'C:\Users\b6014990\Desktop\Graphic code\Graphics For Games\Debug\vc120.pdb'; linking object as if no debug info
         tutorial14.vcxproj -> C:\Users\b6014990\Desktop\Graphic code\Graphics For Games\Debug\Tutorial 14 - Shadow Mapping.exe
     1>Done Building Project "C:\Users\b6014990\Desktop\Graphic code\Graphics For Games\14) Shadow Mapping\tutorial14.vcxproj" (Build target(s)).

Build succeeded.

Time Elapsed 00:00:01.73
