Build started 07/02/2017 14:52:02.
     1>Project "C:\Users\b6014990\Desktop\GraphicCoursework25_11_2016\Graphic code\nclgl\nclgl.vcxproj" on node 2 (Build target(s)).
     1>ClCompile:
         C:\Program Files (x86)\Microsoft Visual Studio 14.0\VC\bin\CL.exe /c /Zi /nologo /W3 /WX- /O2 /Oi /Oy- /GL /D GLEW_STATIC /D _MBCS /Gm- /EHsc /MD /GS /Gy /fp:precise /Zc:wchar_t /Zc:forScope /Zc:inline /Fo"Release\\" /Fd"Release\nclgl.pdb" /Gd /TP /analyze- /errorReport:prompt Camera.cpp GameTimer.cpp HeightMap.cpp Keyboard.cpp Light.cpp Matrix4.cpp MD5Anim.cpp MD5FileData.cpp MD5Mesh.cpp MD5Node.cpp Mesh.cpp Mouse.cpp OBJMesh.cpp OGLRenderer.cpp ParticleEmitter.cpp Quaternion.cpp SceneNode.cpp Shader.cpp Window.cpp
         Camera.cpp
         GameTimer.cpp
         HeightMap.cpp
         Keyboard.cpp
         Light.cpp
         Matrix4.cpp
         MD5Anim.cpp
         MD5FileData.cpp
         MD5Mesh.cpp
         MD5Node.cpp
         Mesh.cpp
         Mouse.cpp
         OBJMesh.cpp
         OGLRenderer.cpp
         ParticleEmitter.cpp
         Quaternion.cpp
         SceneNode.cpp
         Shader.cpp
         Window.cpp
       Lib:
         C:\Program Files (x86)\Microsoft Visual Studio 14.0\VC\bin\Lib.exe /OUT:"C:\Users\b6014990\Desktop\GraphicCoursework25_11_2016\Graphic code\Graphics For Games\Release\nclgl.lib" /NOLOGO /LTCG Release\Camera.obj
         Release\GameTimer.obj
         Release\HeightMap.obj
         Release\Keyboard.obj
         Release\Light.obj
         Release\Matrix4.obj
         Release\MD5Anim.obj
         Release\MD5FileData.obj
         Release\MD5Mesh.obj
         Release\MD5Node.obj
         Release\Mesh.obj
         Release\Mouse.obj
         Release\OBJMesh.obj
         Release\OGLRenderer.obj
         Release\ParticleEmitter.obj
         Release\Quaternion.obj
         Release\SceneNode.obj
         Release\Shader.obj
         Release\Window.obj
         nclgl.vcxproj -> C:\Users\b6014990\Desktop\GraphicCoursework25_11_2016\Graphic code\Graphics For Games\Release\nclgl.lib
     1>Done Building Project "C:\Users\b6014990\Desktop\GraphicCoursework25_11_2016\Graphic code\nclgl\nclgl.vcxproj" (Build target(s)).

Build succeeded.

Time Elapsed 00:00:08.43
