Build started 24/11/2016 19:15:49.
     1>Project "C:\Users\b6014990\Desktop\Graphic code\Graphics For Games\15) Deferred Shading\Tutorial15.vcxproj" on node 2 (Rebuild target(s)).
     1>ClCompile:
         C:\Program Files (x86)\Microsoft Visual Studio 14.0\VC\bin\CL.exe /c /ZI /nologo /W3 /WX- /Od /Oy- /D _DEBUG /D _MBCS /Gm /EHsc /RTC1 /MDd /GS /fp:precise /Zc:wchar_t /Zc:forScope /Zc:inline /Fo"Debug\\" /Fd"Debug\vc140.pdb" /Gd /TP /analyze- /errorReport:prompt Renderer.cpp Tutorial15.cpp
         Tutorial15.cpp
     1>c:\users\b6014990\desktop\graphic code\graphics for games\15) deferred shading\tutorial15.cpp(12): warning C4244: 'argument': conversion from 'float' to 'unsigned int', possible loss of data
         Renderer.cpp
         Generating Code...
       Link:
         C:\Program Files (x86)\Microsoft Visual Studio 14.0\VC\bin\link.exe /ERRORREPORT:PROMPT /OUT:"C:\Users\b6014990\Desktop\Graphic code\Graphics For Games\Debug\Tutorial 15 - Deferred Shading.exe" /INCREMENTAL /NOLOGO kernel32.lib user32.lib gdi32.lib winspool.lib comdlg32.lib advapi32.lib shell32.lib ole32.lib oleaut32.lib uuid.lib odbc32.lib odbccp32.lib /MANIFEST /MANIFESTUAC:"level='asInvoker' uiAccess='false'" /manifest:embed /Debug /PDB:"C:\Users\b6014990\Desktop\Graphic code\Graphics For Games\Debug\Tutorial 15 - Deferred Shading.pdb" /TLBID:1 /DYNAMICBASE /NXCOMPAT /IMPLIB:"C:\Users\b6014990\Desktop\Graphic code\Graphics For Games\Debug\Tutorial 15 - Deferred Shading.lib" /MACHINE:X86 Debug\Renderer.obj
         Debug\Tutorial15.obj
     1>Renderer.obj : warning LNK4049: locally defined symbol ___glewActiveTexture imported
     1>Renderer.obj : warning LNK4049: locally defined symbol ___glewDrawBuffers imported
     1>Renderer.obj : warning LNK4049: locally defined symbol ___glewGetUniformLocation imported
     1>Renderer.obj : warning LNK4049: locally defined symbol ___glewUniform1i imported
     1>Renderer.obj : warning LNK4049: locally defined symbol ___glewUniform2f imported
     1>Renderer.obj : warning LNK4049: locally defined symbol ___glewUniform3fv imported
     1>Renderer.obj : warning LNK4049: locally defined symbol ___glewUseProgram imported
     1>Renderer.obj : warning LNK4049: locally defined symbol ___glewBindFramebuffer imported
     1>Renderer.obj : warning LNK4049: locally defined symbol ___glewCheckFramebufferStatus imported
     1>Renderer.obj : warning LNK4049: locally defined symbol ___glewDeleteFramebuffers imported
     1>Renderer.obj : warning LNK4049: locally defined symbol ___glewFramebufferTexture2D imported
     1>Renderer.obj : warning LNK4049: locally defined symbol ___glewGenFramebuffers imported
     1>glew32.lib(glew.obj) : warning LNK4099: PDB 'vc120.pdb' was not found with 'glew32.lib(glew.obj)' or at 'C:\Users\b6014990\Desktop\Graphic code\Graphics For Games\Debug\vc120.pdb'; linking object as if no debug info
         Tutorial15.vcxproj -> C:\Users\b6014990\Desktop\Graphic code\Graphics For Games\Debug\Tutorial 15 - Deferred Shading.exe
     1>Done Building Project "C:\Users\b6014990\Desktop\Graphic code\Graphics For Games\15) Deferred Shading\Tutorial15.vcxproj" (Rebuild target(s)).

Build succeeded.

Time Elapsed 00:00:01.84
